Unity Editor version:    2021.2.7f1 (6bd9e232123f)
Branch:                  2021.2/staging
Build type:              Release
Batch mode:              YES
macOS version:           Version 11.1 (Build 20C69)
Darwin version:          20.2.0
Architecture:            x86_64
Running under Rosetta:   YES
Available memory:        16384 MB
Using pre-set license
Pro License: NO

COMMAND LINE ARGUMENTS:
/Applications/2021.2.7f1/Unity.app/Contents/MacOS/Unity
-adb2
-batchMode
-noUpm
-name
AssetImportWorker2
-projectPath
/Users/benn/Dropbox/Mon Mac (MacBook-Pro.local)/Documents/Work/Video Game/Row_IndieCade/game_src
-logFile
Logs/AssetImportWorker2.log
-srvPort
49619
Successfully changed project path to: /Users/benn/Dropbox/Mon Mac (MacBook-Pro.local)/Documents/Work/Video Game/Row_IndieCade/game_src
/Users/benn/Dropbox/Mon Mac (MacBook-Pro.local)/Documents/Work/Video Game/Row_IndieCade/game_src
[UnityMemory] Configuration Parameters - Can be set up in boot.config
    "memorysetup-bucket-allocator-granularity=16"
    "memorysetup-bucket-allocator-bucket-count=8"
    "memorysetup-bucket-allocator-block-size=33554432"
    "memorysetup-bucket-allocator-block-count=8"
    "memorysetup-main-allocator-block-size=16777216"
    "memorysetup-thread-allocator-block-size=16777216"
    "memorysetup-gfx-main-allocator-block-size=16777216"
    "memorysetup-gfx-thread-allocator-block-size=16777216"
    "memorysetup-cache-allocator-block-size=4194304"
    "memorysetup-typetree-allocator-block-size=2097152"
    "memorysetup-profiler-bucket-allocator-granularity=16"
    "memorysetup-profiler-bucket-allocator-bucket-count=8"
    "memorysetup-profiler-bucket-allocator-block-size=33554432"
    "memorysetup-profiler-bucket-allocator-block-count=8"
    "memorysetup-profiler-allocator-block-size=16777216"
    "memorysetup-profiler-editor-allocator-block-size=1048576"
    "memorysetup-temp-allocator-size-main=16777216"
    "memorysetup-job-temp-allocator-block-size=2097152"
    "memorysetup-job-temp-allocator-block-size-background=1048576"
    "memorysetup-job-temp-allocator-reduction-small-platforms=262144"
    "memorysetup-temp-allocator-size-background-worker=32768"
    "memorysetup-temp-allocator-size-job-worker=262144"
    "memorysetup-temp-allocator-size-preload-manager=33554432"
    "memorysetup-temp-allocator-size-nav-mesh-worker=65536"
    "memorysetup-temp-allocator-size-audio-worker=65536"
    "memorysetup-temp-allocator-size-cloud-worker=32768"
    "memorysetup-temp-allocator-size-gi-baking-worker=262144"
    "memorysetup-temp-allocator-size-gfx=262144"
Refreshing native plugins compatible for Editor in 157.48 ms, found 2 plugins.
Preloading 0 native plugins for Editor in 0.00 ms.
Initialize engine version: 2021.2.7f1 (6bd9e232123f)
[Subsystems] Discovering subsystems at path /Applications/2021.2.7f1/Unity.app/Contents/Resources/UnitySubsystems
[Subsystems] Discovering subsystems at path /Users/benn/Dropbox/Mon Mac (MacBook-Pro.local)/Documents/Work/Video Game/Row_IndieCade/game_src/Assets
GfxDevice: creating device client; threaded=0; jobified=0
 preferred device: Apple M1 (high power)
Metal devices available: 1
0: Apple M1 (high power)
Using device Apple M1 (high power)
Initializing Metal device caps: Apple M1
Initialize mono
Mono path[0] = '/Applications/2021.2.7f1/Unity.app/Contents/Managed'
Mono path[1] = '/Applications/2021.2.7f1/Unity.app/Contents/MonoBleedingEdge/lib/mono/unityjit-macos'
Mono config path = '/Applications/2021.2.7f1/Unity.app/Contents/MonoBleedingEdge/etc'
Using monoOptions --debugger-agent=transport=dt_socket,embedding=1,server=y,suspend=n,address=127.0.0.1:56194
Begin MonoManager ReloadAssembly
Registering precompiled unity dll's ...
Register platform support module: /Applications/2021.2.7f1/PlaybackEngines/WebGLSupport/UnityEditor.WebGL.Extensions.dll
Register platform support module: /Applications/2021.2.7f1/Unity.app/Contents/PlaybackEngines/MacStandaloneSupport/UnityEditor.OSXStandalone.Extensions.dll
Register platform support module: /Applications/2021.2.7f1/PlaybackEngines/WindowsStandaloneSupport/UnityEditor.WindowsStandalone.Extensions.dll
Registered in 0.002250 seconds.
Native extension for WindowsStandalone target not found
Native extension for OSXStandalone target not found
Native extension for WebGL target not found
Refreshing native plugins compatible for Editor in 161.41 ms, found 2 plugins.
Preloading 0 native plugins for Editor in 0.00 ms.
Mono: successfully reloaded assembly
- Completed reload, in  1.683 seconds
Domain Reload Profiling:
	ReloadAssembly (1684ms)
		BeginReloadAssembly (123ms)
			ExecutionOrderSort (0ms)
			DisableScriptedObjects (0ms)
			BackupInstance (0ms)
			ReleaseScriptingObjects (0ms)
			CreateAndSetChildDomain (3ms)
		EndReloadAssembly (1368ms)
			LoadAssemblies (120ms)
			RebuildTransferFunctionScriptingTraits (0ms)
			SetupTypeCache (177ms)
			ReleaseScriptCaches (0ms)
			RebuildScriptCaches (36ms)
			SetupLoadedEditorAssemblies (922ms)
				LogAssemblyErrors (0ms)
				InitializePlatformSupportModulesInManaged (64ms)
				SetLoadedEditorAssemblies (1ms)
				RefreshPlugins (161ms)
				BeforeProcessingInitializeOnLoad (3ms)
				ProcessInitializeOnLoadAttributes (514ms)
				ProcessInitializeOnLoadMethodAttributes (177ms)
				AfterProcessingInitializeOnLoad (0ms)
				EditorAssembliesLoaded (0ms)
			ExecutionOrderSort2 (0ms)
			AwakeInstancesAfterBackupRestoration (0ms)
Platform modules already initialized, skipping
Registering precompiled user dll's ...
Registered in 0.004808 seconds.
Begin MonoManager ReloadAssembly
Symbol file LoadedFromMemory doesn't match image /Users/benn/Dropbox/Mon Mac (MacBook-Pro.local)/Documents/Work/Video Game/Row_IndieCade/game_src/Library/PackageCache/com.unity.visualscripting@1.7.2/Editor/VisualScripting.Core/Dependencies/DotNetZip/Unity.VisualScripting.IonicZip.dll
Symbol file LoadedFromMemory doesn't match image /Users/benn/Dropbox/Mon Mac (MacBook-Pro.local)/Documents/Work/Video Game/Row_IndieCade/game_src/Library/PackageCache/com.unity.visualscripting@1.7.2/Editor/VisualScripting.Core/Dependencies/YamlDotNet/Unity.VisualScripting.YamlDotNet.dll
Native extension for WindowsStandalone target not found
Native extension for OSXStandalone target not found
Native extension for WebGL target not found
Refreshing native plugins compatible for Editor in 158.56 ms, found 2 plugins.
Preloading 0 native plugins for Editor in 0.00 ms.
Package Manager log level set to [2]
Mono: successfully reloaded assembly
- Completed reload, in  3.809 seconds
Domain Reload Profiling:
	ReloadAssembly (3811ms)
		BeginReloadAssembly (301ms)
			ExecutionOrderSort (0ms)
			DisableScriptedObjects (37ms)
			BackupInstance (0ms)
			ReleaseScriptingObjects (0ms)
			CreateAndSetChildDomain (61ms)
		EndReloadAssembly (3219ms)
			LoadAssemblies (185ms)
			RebuildTransferFunctionScriptingTraits (0ms)
			SetupTypeCache (476ms)
			ReleaseScriptCaches (2ms)
			RebuildScriptCaches (91ms)
			SetupLoadedEditorAssemblies (2302ms)
				LogAssemblyErrors (0ms)
				InitializePlatformSupportModulesInManaged (34ms)
				SetLoadedEditorAssemblies (1ms)
				RefreshPlugins (159ms)
				BeforeProcessingInitializeOnLoad (237ms)
				ProcessInitializeOnLoadAttributes (1519ms)
				ProcessInitializeOnLoadMethodAttributes (350ms)
				AfterProcessingInitializeOnLoad (1ms)
				EditorAssembliesLoaded (0ms)
			ExecutionOrderSort2 (0ms)
			AwakeInstancesAfterBackupRestoration (9ms)
Platform modules already initialized, skipping
========================================================================
Worker process is ready to serve import requests
Launching external process: /Applications/2021.2.7f1/Unity.app/Contents/Tools/UnityShaderCompiler
Launched and connected shader compiler UnityShaderCompiler after 0.15 seconds
Refreshing native plugins compatible for Editor in 1.58 ms, found 2 plugins.
Preloading 0 native plugins for Editor in 0.00 ms.
Unloading 6205 Unused Serialized files (Serialized files now loaded: 0)
Unloading 119 unused Assets / (1.9 MB). Loaded Objects now: 6617.
Memory consumption went from 357.0 MB to 355.1 MB.
Total: 8.161125 ms (FindLiveObjects: 0.515541 ms CreateObjectMapping: 0.251542 ms MarkObjects: 6.969833 ms  DeleteObjects: 0.422792 ms)

AssetImportParameters requested are different than current active one (requested -> active):
  custom:video-decoder-ogg-theora: a1e56fd34408186e4bbccfd4996cb3dc -> 
  custom:container-muxer-webm: aa71ff27fc2769a1b78a27578f13a17b -> 
  custom:container-demuxer-webm: 4f35f7cbe854078d1ac9338744f61a02 -> 
  custom:video-encoder-webm-vp8: eb34c28f22e8b96e1ab97ce403110664 -> 
  custom:framework-osx-AVFoundation: e770b220cccbd017edd2c1fefb359320 -> 
  custom:audio-encoder-webm-vorbis: bf7c407c2cedff20999df2af8eb42d56 -> 
  custom:container-demuxer-ogg: 62fdf1f143b41e24485cea50d1cbac27 -> 
  custom:video-decoder-webm-vp8: 9c59270c3fd7afecdb556c50c9e8de78 -> 
  custom:audio-decoder-ogg-vorbis: bf7c407c2cedff20999df2af8eb42d56 -> 
========================================================================
Received Import Request.
  Time since last request: 268119.705805 seconds.
  path: Assets/Prefabs/Player/PlayerControl.prefab
  artifactKey: Guid(c2fd6d2d5026b4bd78ad3099c6a885a4) Importer(815301076,1909f56bfc062723c751e8b465ee728b)
Start importing Assets/Prefabs/Player/PlayerControl.prefab using Guid(c2fd6d2d5026b4bd78ad3099c6a885a4) Importer(815301076,1909f56bfc062723c751e8b465ee728b)  -> (artifact id: '4802a8889436973701bed8b9f360d315') in 0.837318 seconds 
========================================================================
Received Import Request.
  Time since last request: 5.563770 seconds.
  path: Assets/Prefabs/Player/WalkingPlayer.prefab
  artifactKey: Guid(8ee5c7b91d80c4174a440b5eae1ad738) Importer(815301076,1909f56bfc062723c751e8b465ee728b)
Start importing Assets/Prefabs/Player/WalkingPlayer.prefab using Guid(8ee5c7b91d80c4174a440b5eae1ad738) Importer(815301076,1909f56bfc062723c751e8b465ee728b)  -> (artifact id: 'ffba01b4f46a73b48ad3bd6796a44bda') in 0.263330 seconds 
========================================================================
Received Import Request.
  Time since last request: 18.556938 seconds.
  path: Assets/Scenes/TMR/BoathouseInside.unity
  artifactKey: Guid(8dec10d57cb5c4fbe9e7cad7b8871b0d) Importer(815301076,1909f56bfc062723c751e8b465ee728b)
Start importing Assets/Scenes/TMR/BoathouseInside.unity using Guid(8dec10d57cb5c4fbe9e7cad7b8871b0d) Importer(815301076,1909f56bfc062723c751e8b465ee728b)  -> (artifact id: 'fb67a14a79a34438951c5cc9aad00d6c') in 0.002235 seconds 
========================================================================
Received Import Request.
  Time since last request: 11.341453 seconds.
  path: Assets/Scenes/TMR/MioHouseInside.unity
  artifactKey: Guid(993820b5dea054441b50427477baad44) Importer(815301076,1909f56bfc062723c751e8b465ee728b)
Start importing Assets/Scenes/TMR/MioHouseInside.unity using Guid(993820b5dea054441b50427477baad44) Importer(815301076,1909f56bfc062723c751e8b465ee728b)  -> (artifact id: '5567089f8e1cfaf4aca5e27f2832c426') in 0.004289 seconds 
========================================================================
Received Import Request.
  Time since last request: 7.054665 seconds.
  path: Assets/Scenes/TMR/TMRTownOutside.unity
  artifactKey: Guid(c62d797da868548249efdea1d4398df7) Importer(815301076,1909f56bfc062723c751e8b465ee728b)
Start importing Assets/Scenes/TMR/TMRTownOutside.unity using Guid(c62d797da868548249efdea1d4398df7) Importer(815301076,1909f56bfc062723c751e8b465ee728b)  -> (artifact id: '9a28ba84bbf373b0e27a56d14ecf45bd') in 0.001693 seconds 
========================================================================
Received Import Request.
  Time since last request: 16.803119 seconds.
  path: Assets/Scenes/TMR/BoathouseInside.unity
  artifactKey: Guid(8dec10d57cb5c4fbe9e7cad7b8871b0d) Importer(815301076,1909f56bfc062723c751e8b465ee728b)
Start importing Assets/Scenes/TMR/BoathouseInside.unity using Guid(8dec10d57cb5c4fbe9e7cad7b8871b0d) Importer(815301076,1909f56bfc062723c751e8b465ee728b)  -> (artifact id: '578c0f68d7a6912e5b016c71640850fa') in 0.003848 seconds 
========================================================================
Received Import Request.
  Time since last request: 6.647883 seconds.
  path: Assets/Scenes/TMR/MioHouseInside.unity
  artifactKey: Guid(993820b5dea054441b50427477baad44) Importer(815301076,1909f56bfc062723c751e8b465ee728b)
Start importing Assets/Scenes/TMR/MioHouseInside.unity using Guid(993820b5dea054441b50427477baad44) Importer(815301076,1909f56bfc062723c751e8b465ee728b)  -> (artifact id: 'a709f5b334ddc58ce5cb07a18496e0d6') in 0.004309 seconds 
========================================================================
Received Import Request.
  Time since last request: 12.259597 seconds.
  path: Assets/Scenes/TMR/TMRTownOutside.unity
  artifactKey: Guid(c62d797da868548249efdea1d4398df7) Importer(815301076,1909f56bfc062723c751e8b465ee728b)
Start importing Assets/Scenes/TMR/TMRTownOutside.unity using Guid(c62d797da868548249efdea1d4398df7) Importer(815301076,1909f56bfc062723c751e8b465ee728b)  -> (artifact id: '7a2e68c49b230c7b4084a45220b30902') in 0.001802 seconds 
========================================================================
Received Prepare
Registering precompiled user dll's ...
Registered in 0.004664 seconds.
Begin MonoManager ReloadAssembly
Symbol file LoadedFromMemory doesn't match image /Users/benn/Dropbox/Mon Mac (MacBook-Pro.local)/Documents/Work/Video Game/Row_IndieCade/game_src/Library/PackageCache/com.unity.visualscripting@1.7.2/Editor/VisualScripting.Core/Dependencies/DotNetZip/Unity.VisualScripting.IonicZip.dll
Symbol file LoadedFromMemory doesn't match image /Users/benn/Dropbox/Mon Mac (MacBook-Pro.local)/Documents/Work/Video Game/Row_IndieCade/game_src/Library/PackageCache/com.unity.visualscripting@1.7.2/Editor/VisualScripting.Core/Dependencies/YamlDotNet/Unity.VisualScripting.YamlDotNet.dll
Native extension for WindowsStandalone target not found
Native extension for OSXStandalone target not found
Native extension for WebGL target not found
Refreshing native plugins compatible for Editor in 1.51 ms, found 2 plugins.
Preloading 0 native plugins for Editor in 0.00 ms.
Mono: successfully reloaded assembly
- Completed reload, in  3.545 seconds
Domain Reload Profiling:
	ReloadAssembly (3546ms)
		BeginReloadAssembly (364ms)
			ExecutionOrderSort (0ms)
			DisableScriptedObjects (43ms)
			BackupInstance (0ms)
			ReleaseScriptingObjects (0ms)
			CreateAndSetChildDomain (149ms)
		EndReloadAssembly (2927ms)
			LoadAssemblies (149ms)
			RebuildTransferFunctionScriptingTraits (0ms)
			SetupTypeCache (445ms)
			ReleaseScriptCaches (2ms)
			RebuildScriptCaches (61ms)
			SetupLoadedEditorAssemblies (2087ms)
				LogAssemblyErrors (0ms)
				InitializePlatformSupportModulesInManaged (233ms)
				SetLoadedEditorAssemblies (2ms)
				RefreshPlugins (2ms)
				BeforeProcessingInitializeOnLoad (140ms)
				ProcessInitializeOnLoadAttributes (1387ms)
				ProcessInitializeOnLoadMethodAttributes (323ms)
				AfterProcessingInitializeOnLoad (1ms)
				EditorAssembliesLoaded (0ms)
			ExecutionOrderSort2 (0ms)
			AwakeInstancesAfterBackupRestoration (11ms)
Platform modules already initialized, skipping
Refreshing native plugins compatible for Editor in 1.59 ms, found 2 plugins.
Preloading 0 native plugins for Editor in 0.00 ms.
Unloading 6138 Unused Serialized files (Serialized files now loaded: 0)
Unloading 86 unused Assets / (1.9 MB). Loaded Objects now: 6638.
Memory consumption went from 374.6 MB to 372.7 MB.
Total: 7.665750 ms (FindLiveObjects: 0.431916 ms CreateObjectMapping: 0.197583 ms MarkObjects: 6.674375 ms  DeleteObjects: 0.360375 ms)

AssetImportParameters requested are different than current active one (requested -> active):
  custom:video-decoder-ogg-theora: a1e56fd34408186e4bbccfd4996cb3dc -> 
  custom:container-muxer-webm: aa71ff27fc2769a1b78a27578f13a17b -> 
  custom:container-demuxer-webm: 4f35f7cbe854078d1ac9338744f61a02 -> 
  custom:video-encoder-webm-vp8: eb34c28f22e8b96e1ab97ce403110664 -> 
  custom:framework-osx-AVFoundation: e770b220cccbd017edd2c1fefb359320 -> 
  custom:audio-encoder-webm-vorbis: bf7c407c2cedff20999df2af8eb42d56 -> 
  custom:container-demuxer-ogg: 62fdf1f143b41e24485cea50d1cbac27 -> 
  custom:video-decoder-webm-vp8: 9c59270c3fd7afecdb556c50c9e8de78 -> 
  custom:audio-decoder-ogg-vorbis: bf7c407c2cedff20999df2af8eb42d56 -> 
========================================================================
Received Prepare
Registering precompiled user dll's ...
Registered in 0.004816 seconds.
Begin MonoManager ReloadAssembly
Symbol file LoadedFromMemory doesn't match image /Users/benn/Dropbox/Mon Mac (MacBook-Pro.local)/Documents/Work/Video Game/Row_IndieCade/game_src/Library/PackageCache/com.unity.visualscripting@1.7.2/Editor/VisualScripting.Core/Dependencies/DotNetZip/Unity.VisualScripting.IonicZip.dll
Symbol file LoadedFromMemory doesn't match image /Users/benn/Dropbox/Mon Mac (MacBook-Pro.local)/Documents/Work/Video Game/Row_IndieCade/game_src/Library/PackageCache/com.unity.visualscripting@1.7.2/Editor/VisualScripting.Core/Dependencies/YamlDotNet/Unity.VisualScripting.YamlDotNet.dll
Native extension for WindowsStandalone target not found
Native extension for OSXStandalone target not found
Native extension for WebGL target not found
Refreshing native plugins compatible for Editor in 1.60 ms, found 2 plugins.
Preloading 0 native plugins for Editor in 0.00 ms.
Mono: successfully reloaded assembly
- Completed reload, in  4.083 seconds
Domain Reload Profiling:
	ReloadAssembly (4088ms)
		BeginReloadAssembly (604ms)
			ExecutionOrderSort (0ms)
			DisableScriptedObjects (88ms)
			BackupInstance (0ms)
			ReleaseScriptingObjects (1ms)
			CreateAndSetChildDomain (220ms)
		EndReloadAssembly (3174ms)
			LoadAssemblies (267ms)
			RebuildTransferFunctionScriptingTraits (0ms)
			SetupTypeCache (509ms)
			ReleaseScriptCaches (2ms)
			RebuildScriptCaches (73ms)
			SetupLoadedEditorAssemblies (2172ms)
				LogAssemblyErrors (0ms)
				InitializePlatformSupportModulesInManaged (47ms)
				SetLoadedEditorAssemblies (2ms)
				RefreshPlugins (2ms)
				BeforeProcessingInitializeOnLoad (188ms)
				ProcessInitializeOnLoadAttributes (1592ms)
				ProcessInitializeOnLoadMethodAttributes (339ms)
				AfterProcessingInitializeOnLoad (1ms)
				EditorAssembliesLoaded (0ms)
			ExecutionOrderSort2 (0ms)
			AwakeInstancesAfterBackupRestoration (11ms)
Platform modules already initialized, skipping
Refreshing native plugins compatible for Editor in 1.53 ms, found 2 plugins.
Preloading 0 native plugins for Editor in 0.00 ms.
Unloading 6137 Unused Serialized files (Serialized files now loaded: 0)
Unloading 86 unused Assets / (1.9 MB). Loaded Objects now: 6652.
Memory consumption went from 374.8 MB to 373.0 MB.
Total: 9.382250 ms (FindLiveObjects: 0.465167 ms CreateObjectMapping: 0.207208 ms MarkObjects: 8.344500 ms  DeleteObjects: 0.363625 ms)

AssetImportParameters requested are different than current active one (requested -> active):
  custom:video-decoder-ogg-theora: a1e56fd34408186e4bbccfd4996cb3dc -> 
  custom:container-muxer-webm: aa71ff27fc2769a1b78a27578f13a17b -> 
  custom:container-demuxer-webm: 4f35f7cbe854078d1ac9338744f61a02 -> 
  custom:video-encoder-webm-vp8: eb34c28f22e8b96e1ab97ce403110664 -> 
  custom:framework-osx-AVFoundation: e770b220cccbd017edd2c1fefb359320 -> 
  custom:audio-encoder-webm-vorbis: bf7c407c2cedff20999df2af8eb42d56 -> 
  custom:container-demuxer-ogg: 62fdf1f143b41e24485cea50d1cbac27 -> 
  custom:video-decoder-webm-vp8: 9c59270c3fd7afecdb556c50c9e8de78 -> 
  custom:audio-decoder-ogg-vorbis: bf7c407c2cedff20999df2af8eb42d56 -> 
========================================================================
Received Prepare
Registering precompiled user dll's ...
Registered in 0.004021 seconds.
Begin MonoManager ReloadAssembly
Symbol file LoadedFromMemory doesn't match image /Users/benn/Dropbox/Mon Mac (MacBook-Pro.local)/Documents/Work/Video Game/Row_IndieCade/game_src/Library/PackageCache/com.unity.visualscripting@1.7.2/Editor/VisualScripting.Core/Dependencies/DotNetZip/Unity.VisualScripting.IonicZip.dll
Symbol file LoadedFromMemory doesn't match image /Users/benn/Dropbox/Mon Mac (MacBook-Pro.local)/Documents/Work/Video Game/Row_IndieCade/game_src/Library/PackageCache/com.unity.visualscripting@1.7.2/Editor/VisualScripting.Core/Dependencies/YamlDotNet/Unity.VisualScripting.YamlDotNet.dll
Native extension for WindowsStandalone target not found
Native extension for OSXStandalone target not found
Native extension for WebGL target not found
Refreshing native plugins compatible for Editor in 1.53 ms, found 2 plugins.
Preloading 0 native plugins for Editor in 0.00 ms.
Mono: successfully reloaded assembly
- Completed reload, in  3.615 seconds
Domain Reload Profiling:
	ReloadAssembly (3617ms)
		BeginReloadAssembly (299ms)
			ExecutionOrderSort (0ms)
			DisableScriptedObjects (40ms)
			BackupInstance (0ms)
			ReleaseScriptingObjects (0ms)
			CreateAndSetChildDomain (105ms)
		EndReloadAssembly (3040ms)
			LoadAssemblies (157ms)
			RebuildTransferFunctionScriptingTraits (0ms)
			SetupTypeCache (540ms)
			ReleaseScriptCaches (2ms)
			RebuildScriptCaches (64ms)
			SetupLoadedEditorAssemblies (1984ms)
				LogAssemblyErrors (0ms)
				InitializePlatformSupportModulesInManaged (41ms)
				SetLoadedEditorAssemblies (2ms)
				RefreshPlugins (2ms)
				BeforeProcessingInitializeOnLoad (143ms)
				ProcessInitializeOnLoadAttributes (1447ms)
				ProcessInitializeOnLoadMethodAttributes (347ms)
				AfterProcessingInitializeOnLoad (1ms)
				EditorAssembliesLoaded (0ms)
			ExecutionOrderSort2 (0ms)
			AwakeInstancesAfterBackupRestoration (12ms)
Platform modules already initialized, skipping
Refreshing native plugins compatible for Editor in 1.61 ms, found 2 plugins.
Preloading 0 native plugins for Editor in 0.00 ms.
Unloading 6137 Unused Serialized files (Serialized files now loaded: 0)
Unloading 86 unused Assets / (1.9 MB). Loaded Objects now: 6666.
Memory consumption went from 375.1 MB to 373.2 MB.
Total: 6.091709 ms (FindLiveObjects: 0.344916 ms CreateObjectMapping: 0.175833 ms MarkObjects: 5.207917 ms  DeleteObjects: 0.361583 ms)

AssetImportParameters requested are different than current active one (requested -> active):
  custom:video-decoder-ogg-theora: a1e56fd34408186e4bbccfd4996cb3dc -> 
  custom:container-muxer-webm: aa71ff27fc2769a1b78a27578f13a17b -> 
  custom:container-demuxer-webm: 4f35f7cbe854078d1ac9338744f61a02 -> 
  custom:video-encoder-webm-vp8: eb34c28f22e8b96e1ab97ce403110664 -> 
  custom:framework-osx-AVFoundation: e770b220cccbd017edd2c1fefb359320 -> 
  custom:audio-encoder-webm-vorbis: bf7c407c2cedff20999df2af8eb42d56 -> 
  custom:container-demuxer-ogg: 62fdf1f143b41e24485cea50d1cbac27 -> 
  custom:video-decoder-webm-vp8: 9c59270c3fd7afecdb556c50c9e8de78 -> 
  custom:audio-decoder-ogg-vorbis: bf7c407c2cedff20999df2af8eb42d56 -> 
========================================================================
Received Prepare
Registering precompiled user dll's ...
Registered in 0.004577 seconds.
Begin MonoManager ReloadAssembly
Symbol file LoadedFromMemory doesn't match image /Users/benn/Dropbox/Mon Mac (MacBook-Pro.local)/Documents/Work/Video Game/Row_IndieCade/game_src/Library/PackageCache/com.unity.visualscripting@1.7.2/Editor/VisualScripting.Core/Dependencies/DotNetZip/Unity.VisualScripting.IonicZip.dll
Symbol file LoadedFromMemory doesn't match image /Users/benn/Dropbox/Mon Mac (MacBook-Pro.local)/Documents/Work/Video Game/Row_IndieCade/game_src/Library/PackageCache/com.unity.visualscripting@1.7.2/Editor/VisualScripting.Core/Dependencies/YamlDotNet/Unity.VisualScripting.YamlDotNet.dll
Native extension for WindowsStandalone target not found
Native extension for OSXStandalone target not found
Native extension for WebGL target not found
Refreshing native plugins compatible for Editor in 1.53 ms, found 2 plugins.
Preloading 0 native plugins for Editor in 0.00 ms.
Mono: successfully reloaded assembly
- Completed reload, in  3.430 seconds
Domain Reload Profiling:
	ReloadAssembly (3433ms)
		BeginReloadAssembly (300ms)
			ExecutionOrderSort (0ms)
			DisableScriptedObjects (36ms)
			BackupInstance (0ms)
			ReleaseScriptingObjects (0ms)
			CreateAndSetChildDomain (104ms)
		EndReloadAssembly (2860ms)
			LoadAssemblies (146ms)
			RebuildTransferFunctionScriptingTraits (0ms)
			SetupTypeCache (453ms)
			ReleaseScriptCaches (2ms)
			RebuildScriptCaches (69ms)
			SetupLoadedEditorAssemblies (1943ms)
				LogAssemblyErrors (0ms)
				InitializePlatformSupportModulesInManaged (40ms)
				SetLoadedEditorAssemblies (2ms)
				RefreshPlugins (2ms)
				BeforeProcessingInitializeOnLoad (143ms)
				ProcessInitializeOnLoadAttributes (1417ms)
				ProcessInitializeOnLoadMethodAttributes (338ms)
				AfterProcessingInitializeOnLoad (1ms)
				EditorAssembliesLoaded (0ms)
			ExecutionOrderSort2 (0ms)
			AwakeInstancesAfterBackupRestoration (14ms)
Platform modules already initialized, skipping
Refreshing native plugins compatible for Editor in 1.80 ms, found 2 plugins.
Preloading 0 native plugins for Editor in 0.00 ms.
Unloading 6137 Unused Serialized files (Serialized files now loaded: 0)
Unloading 86 unused Assets / (1.9 MB). Loaded Objects now: 6680.
Memory consumption went from 375.4 MB to 373.5 MB.
Total: 6.873875 ms (FindLiveObjects: 0.441500 ms CreateObjectMapping: 0.221875 ms MarkObjects: 5.860209 ms  DeleteObjects: 0.348792 ms)

AssetImportParameters requested are different than current active one (requested -> active):
  custom:video-decoder-ogg-theora: a1e56fd34408186e4bbccfd4996cb3dc -> 
  custom:container-muxer-webm: aa71ff27fc2769a1b78a27578f13a17b -> 
  custom:container-demuxer-webm: 4f35f7cbe854078d1ac9338744f61a02 -> 
  custom:video-encoder-webm-vp8: eb34c28f22e8b96e1ab97ce403110664 -> 
  custom:framework-osx-AVFoundation: e770b220cccbd017edd2c1fefb359320 -> 
  custom:audio-encoder-webm-vorbis: bf7c407c2cedff20999df2af8eb42d56 -> 
  custom:container-demuxer-ogg: 62fdf1f143b41e24485cea50d1cbac27 -> 
  custom:video-decoder-webm-vp8: 9c59270c3fd7afecdb556c50c9e8de78 -> 
  custom:audio-decoder-ogg-vorbis: bf7c407c2cedff20999df2af8eb42d56 -> 
