Unity Editor version:    2021.2.7f1 (6bd9e232123f)
Branch:                  2021.2/staging
Build type:              Release
Batch mode:              YES
macOS version:           Version 11.1 (Build 20C69)
Darwin version:          20.2.0
Architecture:            x86_64
Running under Rosetta:   YES
Available memory:        16384 MB
Using pre-set license
Pro License: NO

COMMAND LINE ARGUMENTS:
/Applications/2021.2.7f1/Unity.app/Contents/MacOS/Unity
-adb2
-batchMode
-noUpm
-name
AssetImportWorker0
-projectPath
/Users/benn/Dropbox/Mon Mac (MacBook-Pro.local)/Documents/Work/Video Game/Row_IndieCade/game_src
-logFile
Logs/AssetImportWorker0.log
-srvPort
51065
Successfully changed project path to: /Users/benn/Dropbox/Mon Mac (MacBook-Pro.local)/Documents/Work/Video Game/Row_IndieCade/game_src
/Users/benn/Dropbox/Mon Mac (MacBook-Pro.local)/Documents/Work/Video Game/Row_IndieCade/game_src
[UnityMemory] Configuration Parameters - Can be set up in boot.config
    "memorysetup-bucket-allocator-granularity=16"
    "memorysetup-bucket-allocator-bucket-count=8"
    "memorysetup-bucket-allocator-block-size=33554432"
    "memorysetup-bucket-allocator-block-count=8"
    "memorysetup-main-allocator-block-size=16777216"
    "memorysetup-thread-allocator-block-size=16777216"
    "memorysetup-gfx-main-allocator-block-size=16777216"
    "memorysetup-gfx-thread-allocator-block-size=16777216"
    "memorysetup-cache-allocator-block-size=4194304"
    "memorysetup-typetree-allocator-block-size=2097152"
    "memorysetup-profiler-bucket-allocator-granularity=16"
    "memorysetup-profiler-bucket-allocator-bucket-count=8"
    "memorysetup-profiler-bucket-allocator-block-size=33554432"
    "memorysetup-profiler-bucket-allocator-block-count=8"
    "memorysetup-profiler-allocator-block-size=16777216"
    "memorysetup-profiler-editor-allocator-block-size=1048576"
    "memorysetup-temp-allocator-size-main=16777216"
    "memorysetup-job-temp-allocator-block-size=2097152"
    "memorysetup-job-temp-allocator-block-size-background=1048576"
    "memorysetup-job-temp-allocator-reduction-small-platforms=262144"
    "memorysetup-temp-allocator-size-background-worker=32768"
    "memorysetup-temp-allocator-size-job-worker=262144"
    "memorysetup-temp-allocator-size-preload-manager=33554432"
    "memorysetup-temp-allocator-size-nav-mesh-worker=65536"
    "memorysetup-temp-allocator-size-audio-worker=65536"
    "memorysetup-temp-allocator-size-cloud-worker=32768"
    "memorysetup-temp-allocator-size-gi-baking-worker=262144"
    "memorysetup-temp-allocator-size-gfx=262144"
Refreshing native plugins compatible for Editor in 173.39 ms, found 2 plugins.
Preloading 0 native plugins for Editor in 0.00 ms.
Initialize engine version: 2021.2.7f1 (6bd9e232123f)
[Subsystems] Discovering subsystems at path /Applications/2021.2.7f1/Unity.app/Contents/Resources/UnitySubsystems
[Subsystems] Discovering subsystems at path /Users/benn/Dropbox/Mon Mac (MacBook-Pro.local)/Documents/Work/Video Game/Row_IndieCade/game_src/Assets
GfxDevice: creating device client; threaded=0; jobified=0
 preferred device: Apple M1 (high power)
Metal devices available: 1
0: Apple M1 (high power)
Using device Apple M1 (high power)
Initializing Metal device caps: Apple M1
Initialize mono
Mono path[0] = '/Applications/2021.2.7f1/Unity.app/Contents/Managed'
Mono path[1] = '/Applications/2021.2.7f1/Unity.app/Contents/MonoBleedingEdge/lib/mono/unityjit-macos'
Mono config path = '/Applications/2021.2.7f1/Unity.app/Contents/MonoBleedingEdge/etc'
Using monoOptions --debugger-agent=transport=dt_socket,embedding=1,server=y,suspend=n,address=127.0.0.1:56697
Begin MonoManager ReloadAssembly
Registering precompiled unity dll's ...
Register platform support module: /Applications/2021.2.7f1/PlaybackEngines/WebGLSupport/UnityEditor.WebGL.Extensions.dll
Register platform support module: /Applications/2021.2.7f1/Unity.app/Contents/PlaybackEngines/MacStandaloneSupport/UnityEditor.OSXStandalone.Extensions.dll
Register platform support module: /Applications/2021.2.7f1/PlaybackEngines/WindowsStandaloneSupport/UnityEditor.WindowsStandalone.Extensions.dll
Registered in 0.001633 seconds.
Native extension for WindowsStandalone target not found
Native extension for OSXStandalone target not found
Native extension for WebGL target not found
Refreshing native plugins compatible for Editor in 157.18 ms, found 2 plugins.
Preloading 0 native plugins for Editor in 0.00 ms.
Mono: successfully reloaded assembly
- Completed reload, in  1.545 seconds
Domain Reload Profiling:
	ReloadAssembly (1546ms)
		BeginReloadAssembly (176ms)
			ExecutionOrderSort (0ms)
			DisableScriptedObjects (0ms)
			BackupInstance (0ms)
			ReleaseScriptingObjects (0ms)
			CreateAndSetChildDomain (3ms)
		EndReloadAssembly (1204ms)
			LoadAssemblies (174ms)
			RebuildTransferFunctionScriptingTraits (0ms)
			SetupTypeCache (149ms)
			ReleaseScriptCaches (0ms)
			RebuildScriptCaches (33ms)
			SetupLoadedEditorAssemblies (867ms)
				LogAssemblyErrors (0ms)
				InitializePlatformSupportModulesInManaged (55ms)
				SetLoadedEditorAssemblies (1ms)
				RefreshPlugins (157ms)
				BeforeProcessingInitializeOnLoad (3ms)
				ProcessInitializeOnLoadAttributes (501ms)
				ProcessInitializeOnLoadMethodAttributes (149ms)
				AfterProcessingInitializeOnLoad (0ms)
				EditorAssembliesLoaded (0ms)
			ExecutionOrderSort2 (0ms)
			AwakeInstancesAfterBackupRestoration (0ms)
Platform modules already initialized, skipping
Registering precompiled user dll's ...
Registered in 0.010292 seconds.
Begin MonoManager ReloadAssembly
Symbol file LoadedFromMemory doesn't match image /Users/benn/Dropbox/Mon Mac (MacBook-Pro.local)/Documents/Work/Video Game/Row_IndieCade/game_src/Library/PackageCache/com.unity.visualscripting@1.7.2/Editor/VisualScripting.Core/Dependencies/DotNetZip/Unity.VisualScripting.IonicZip.dll
Symbol file LoadedFromMemory doesn't match image /Users/benn/Dropbox/Mon Mac (MacBook-Pro.local)/Documents/Work/Video Game/Row_IndieCade/game_src/Library/PackageCache/com.unity.visualscripting@1.7.2/Editor/VisualScripting.Core/Dependencies/YamlDotNet/Unity.VisualScripting.YamlDotNet.dll
Native extension for WindowsStandalone target not found
Native extension for OSXStandalone target not found
Native extension for WebGL target not found
Refreshing native plugins compatible for Editor in 150.44 ms, found 2 plugins.
Preloading 0 native plugins for Editor in 0.00 ms.
Package Manager log level set to [2]
Mono: successfully reloaded assembly
- Completed reload, in  3.416 seconds
Domain Reload Profiling:
	ReloadAssembly (3418ms)
		BeginReloadAssembly (245ms)
			ExecutionOrderSort (0ms)
			DisableScriptedObjects (33ms)
			BackupInstance (0ms)
			ReleaseScriptingObjects (0ms)
			CreateAndSetChildDomain (41ms)
		EndReloadAssembly (2922ms)
			LoadAssemblies (202ms)
			RebuildTransferFunctionScriptingTraits (0ms)
			SetupTypeCache (450ms)
			ReleaseScriptCaches (1ms)
			RebuildScriptCaches (91ms)
			SetupLoadedEditorAssemblies (2010ms)
				LogAssemblyErrors (0ms)
				InitializePlatformSupportModulesInManaged (53ms)
				SetLoadedEditorAssemblies (1ms)
				RefreshPlugins (150ms)
				BeforeProcessingInitializeOnLoad (172ms)
				ProcessInitializeOnLoadAttributes (1327ms)
				ProcessInitializeOnLoadMethodAttributes (305ms)
				AfterProcessingInitializeOnLoad (1ms)
				EditorAssembliesLoaded (0ms)
			ExecutionOrderSort2 (0ms)
			AwakeInstancesAfterBackupRestoration (8ms)
Platform modules already initialized, skipping
========================================================================
Worker process is ready to serve import requests
Launching external process: /Applications/2021.2.7f1/Unity.app/Contents/Tools/UnityShaderCompiler
Launched and connected shader compiler UnityShaderCompiler after 0.05 seconds
Refreshing native plugins compatible for Editor in 1.40 ms, found 2 plugins.
Preloading 0 native plugins for Editor in 0.00 ms.
Unloading 6235 Unused Serialized files (Serialized files now loaded: 0)
Unloading 119 unused Assets / (1.6 MB). Loaded Objects now: 6647.
Memory consumption went from 357.1 MB to 355.4 MB.
Total: 6.910875 ms (FindLiveObjects: 0.399209 ms CreateObjectMapping: 0.201709 ms MarkObjects: 5.951792 ms  DeleteObjects: 0.357000 ms)

AssetImportParameters requested are different than current active one (requested -> active):
  custom:video-decoder-ogg-theora: a1e56fd34408186e4bbccfd4996cb3dc -> 
  custom:container-muxer-webm: aa71ff27fc2769a1b78a27578f13a17b -> 
  custom:container-demuxer-webm: 4f35f7cbe854078d1ac9338744f61a02 -> 
  custom:video-encoder-webm-vp8: eb34c28f22e8b96e1ab97ce403110664 -> 
  custom:framework-osx-AVFoundation: e770b220cccbd017edd2c1fefb359320 -> 
  custom:audio-encoder-webm-vorbis: bf7c407c2cedff20999df2af8eb42d56 -> 
  custom:container-demuxer-ogg: 62fdf1f143b41e24485cea50d1cbac27 -> 
  custom:video-decoder-webm-vp8: 9c59270c3fd7afecdb556c50c9e8de78 -> 
  custom:audio-decoder-ogg-vorbis: bf7c407c2cedff20999df2af8eb42d56 -> 
========================================================================
Received Import Request.
  Time since last request: 407512.576437 seconds.
  path: Assets/Rendering/Normal.shadersubgraph
  artifactKey: Guid(5473eb8ade9eca94a8513d759a3198f3) Importer(815301076,1909f56bfc062723c751e8b465ee728b)
Start importing Assets/Rendering/Normal.shadersubgraph using Guid(5473eb8ade9eca94a8513d759a3198f3) Importer(815301076,1909f56bfc062723c751e8b465ee728b)  -> (artifact id: '7d33191f96a833a6d6a6f70936c67c60') in 0.726884 seconds 
========================================================================
Received Prepare
Switching render pipeline 67bcff61f61b91a4683afcc1d39ce631 -> 00000000000000000000000000000000
Refreshing native plugins compatible for Editor in 6.60 ms, found 2 plugins.
Preloading 0 native plugins for Editor in 0.00 ms.
Unloading 84 Unused Serialized files (Serialized files now loaded: 0)
Unloading 85 unused Assets / (1.6 MB). Loaded Objects now: 6646.
Memory consumption went from 231.4 MB to 229.8 MB.
Total: 6.587291 ms (FindLiveObjects: 0.381000 ms CreateObjectMapping: 0.179209 ms MarkObjects: 5.702334 ms  DeleteObjects: 0.324125 ms)

AssetImportParameters requested are different than current active one (requested -> active):
  custom:video-decoder-ogg-theora: a1e56fd34408186e4bbccfd4996cb3dc -> 
  custom:container-muxer-webm: aa71ff27fc2769a1b78a27578f13a17b -> 
  custom:container-demuxer-webm: 4f35f7cbe854078d1ac9338744f61a02 -> 
  custom:video-encoder-webm-vp8: eb34c28f22e8b96e1ab97ce403110664 -> 
  custom:framework-osx-AVFoundation: e770b220cccbd017edd2c1fefb359320 -> 
  custom:audio-encoder-webm-vorbis: bf7c407c2cedff20999df2af8eb42d56 -> 
  custom:container-demuxer-ogg: 62fdf1f143b41e24485cea50d1cbac27 -> 
  custom:video-decoder-webm-vp8: 9c59270c3fd7afecdb556c50c9e8de78 -> 
  custom:audio-decoder-ogg-vorbis: bf7c407c2cedff20999df2af8eb42d56 -> 
========================================================================
Received Import Request.
  Time since last request: 2.631187 seconds.
  path: Assets/Rendering
  artifactKey: Guid(97746442c1fbd394eaa41e6e28e1a8a4) Importer(815301076,1909f56bfc062723c751e8b465ee728b)
Start importing Assets/Rendering using Guid(97746442c1fbd394eaa41e6e28e1a8a4) Importer(815301076,1909f56bfc062723c751e8b465ee728b)  -> (artifact id: '1fd16ad98d98cba7c082dbe24a74ee7a') in 0.001461 seconds 
========================================================================
Received Prepare
Registering precompiled user dll's ...
Registered in 0.019603 seconds.
Begin MonoManager ReloadAssembly
Symbol file LoadedFromMemory doesn't match image /Users/benn/Dropbox/Mon Mac (MacBook-Pro.local)/Documents/Work/Video Game/Row_IndieCade/game_src/Library/PackageCache/com.unity.visualscripting@1.7.2/Editor/VisualScripting.Core/Dependencies/DotNetZip/Unity.VisualScripting.IonicZip.dll
Symbol file LoadedFromMemory doesn't match image /Users/benn/Dropbox/Mon Mac (MacBook-Pro.local)/Documents/Work/Video Game/Row_IndieCade/game_src/Library/PackageCache/com.unity.visualscripting@1.7.2/Editor/VisualScripting.Core/Dependencies/YamlDotNet/Unity.VisualScripting.YamlDotNet.dll
Native extension for WindowsStandalone target not found
Native extension for OSXStandalone target not found
Native extension for WebGL target not found
Refreshing native plugins compatible for Editor in 178.76 ms, found 2 plugins.
Preloading 0 native plugins for Editor in 0.00 ms.
Mono: successfully reloaded assembly
- Completed reload, in  7.245 seconds
Domain Reload Profiling:
	ReloadAssembly (7264ms)
		BeginReloadAssembly (811ms)
			ExecutionOrderSort (0ms)
			DisableScriptedObjects (117ms)
			BackupInstance (0ms)
			ReleaseScriptingObjects (0ms)
			CreateAndSetChildDomain (302ms)
		EndReloadAssembly (6145ms)
			LoadAssemblies (362ms)
			RebuildTransferFunctionScriptingTraits (0ms)
			SetupTypeCache (613ms)
			ReleaseScriptCaches (2ms)
			RebuildScriptCaches (69ms)
			SetupLoadedEditorAssemblies (4775ms)
				LogAssemblyErrors (0ms)
				InitializePlatformSupportModulesInManaged (75ms)
				SetLoadedEditorAssemblies (1ms)
				RefreshPlugins (179ms)
				BeforeProcessingInitializeOnLoad (183ms)
				ProcessInitializeOnLoadAttributes (3719ms)
				ProcessInitializeOnLoadMethodAttributes (617ms)
				AfterProcessingInitializeOnLoad (1ms)
				EditorAssembliesLoaded (0ms)
			ExecutionOrderSort2 (0ms)
			AwakeInstancesAfterBackupRestoration (17ms)
Platform modules already initialized, skipping
Shader 'Universal Render Pipeline/Nature/SpeedTree7': dependency 'BillboardShader' shader 'Universal Render Pipeline/Nature/SpeedTree7 Billboard' not found
Shader 'Hidden/Universal Render Pipeline/Terrain/Lit (Add Pass)': fallback shader 'Hidden/Universal Render Pipeline/FallbackError' not found
Shader 'Hidden/Universal Render Pipeline/Terrain/Lit (Base Pass)': fallback shader 'Hidden/Universal Render Pipeline/FallbackError' not found
WARNING: Shader Unsupported: 'Hidden/Universal Render Pipeline/Terrain/Lit (Base Pass)' - All subshaders removed
WARNING: Shader Did you use #pragma only_renderers and omit this platform?
WARNING: Shader If subshaders removal was intentional, you may have forgotten turning Fallback off?
WARNING: Shader Unsupported: 'Hidden/Universal Render Pipeline/Terrain/Lit (Base Pass)' - All subshaders removed
WARNING: Shader Did you use #pragma only_renderers and omit this platform?
WARNING: Shader If subshaders removal was intentional, you may have forgotten turning Fallback off?
Shader 'Universal Render Pipeline/Baked Lit': fallback shader 'Universal Render Pipeline/Unlit' not found
Refreshing native plugins compatible for Editor in 1.72 ms, found 2 plugins.
Preloading 0 native plugins for Editor in 0.00 ms.
Unloading 6926 Unused Serialized files (Serialized files now loaded: 0)
Unloading 153 unused Assets / (7.0 MB). Loaded Objects now: 7352.
Memory consumption went from 427.4 MB to 420.4 MB.
Total: 10.257125 ms (FindLiveObjects: 0.467292 ms CreateObjectMapping: 0.227750 ms MarkObjects: 6.864708 ms  DeleteObjects: 2.695167 ms)

AssetImportParameters requested are different than current active one (requested -> active):
  custom:video-decoder-ogg-theora: a1e56fd34408186e4bbccfd4996cb3dc -> 
  custom:container-muxer-webm: aa71ff27fc2769a1b78a27578f13a17b -> 
  custom:container-demuxer-webm: 4f35f7cbe854078d1ac9338744f61a02 -> 
  custom:video-encoder-webm-vp8: eb34c28f22e8b96e1ab97ce403110664 -> 
  custom:framework-osx-AVFoundation: e770b220cccbd017edd2c1fefb359320 -> 
  custom:audio-encoder-webm-vorbis: bf7c407c2cedff20999df2af8eb42d56 -> 
  custom:container-demuxer-ogg: 62fdf1f143b41e24485cea50d1cbac27 -> 
  custom:video-decoder-webm-vp8: 9c59270c3fd7afecdb556c50c9e8de78 -> 
  custom:audio-decoder-ogg-vorbis: bf7c407c2cedff20999df2af8eb42d56 -> 
========================================================================
Received Import Request.
  Time since last request: 1251.944188 seconds.
  path: Assets/Rendering/New 2D Renderer Data.asset
  artifactKey: Guid(9f4e3f129b6a94093b67964a56c15ce3) Importer(815301076,1909f56bfc062723c751e8b465ee728b)
Start importing Assets/Rendering/New 2D Renderer Data.asset using Guid(9f4e3f129b6a94093b67964a56c15ce3) Importer(815301076,1909f56bfc062723c751e8b465ee728b)  -> (artifact id: '93651eec47e1538578b441c221d2bfc5') in 0.923316 seconds 
========================================================================
Received Import Request.
  Time since last request: 34.190624 seconds.
  path: Assets/Rendering/Graph.shadergraph
  artifactKey: Guid(4be68d7813324dd4786e4838d1434705) Importer(815301076,1909f56bfc062723c751e8b465ee728b)
Start importing Assets/Rendering/Graph.shadergraph using Guid(4be68d7813324dd4786e4838d1434705) Importer(815301076,1909f56bfc062723c751e8b465ee728b)  -> (artifact id: '7aa5830797aefcf036a3c3bcce428d91') in 0.145979 seconds 
========================================================================
Received Import Request.
  Time since last request: 0.773832 seconds.
  path: Assets/Rendering/Normal.shadersubgraph
  artifactKey: Guid(5473eb8ade9eca94a8513d759a3198f3) Importer(815301076,1909f56bfc062723c751e8b465ee728b)
Start importing Assets/Rendering/Normal.shadersubgraph using Guid(5473eb8ade9eca94a8513d759a3198f3) Importer(815301076,1909f56bfc062723c751e8b465ee728b)  -> (artifact id: '35c22d2aee44ed3fb7c5cd0013180121') in 0.008165 seconds 
========================================================================
Received Import Request.
  Time since last request: 12.235778 seconds.
  path: Assets/Rendering/2D Renderer.asset
  artifactKey: Guid(0646600e2947e4f8ba284266596deea0) Importer(815301076,1909f56bfc062723c751e8b465ee728b)
Start importing Assets/Rendering/2D Renderer.asset using Guid(0646600e2947e4f8ba284266596deea0) Importer(815301076,1909f56bfc062723c751e8b465ee728b)  -> (artifact id: 'd9b7f819b75bfc6adffbc5ed1b69f368') in 0.070331 seconds 
========================================================================
Received Import Request.
  Time since last request: 0.848184 seconds.
  path: Assets/Rendering/2D Renderer_Renderer.asset
  artifactKey: Guid(2e343e4ec97f84464ae229db22401a13) Importer(815301076,1909f56bfc062723c751e8b465ee728b)
Start importing Assets/Rendering/2D Renderer_Renderer.asset using Guid(2e343e4ec97f84464ae229db22401a13) Importer(815301076,1909f56bfc062723c751e8b465ee728b)  -> (artifact id: 'c41f689eb82dc6c3200a419845d73ed9') in 0.024555 seconds 
========================================================================
Received Import Request.
  Time since last request: 15.672595 seconds.
  path: Assets/Rendering/2D_Asset.asset
  artifactKey: Guid(0646600e2947e4f8ba284266596deea0) Importer(815301076,1909f56bfc062723c751e8b465ee728b)
Start importing Assets/Rendering/2D_Asset.asset using Guid(0646600e2947e4f8ba284266596deea0) Importer(815301076,1909f56bfc062723c751e8b465ee728b)  -> (artifact id: '1de9cea1170861802fd5600688789a5c') in 0.016472 seconds 
========================================================================
Received Import Request.
  Time since last request: 7.757661 seconds.
  path: Assets/Rendering/2D_Asset_Renderer.asset
  artifactKey: Guid(2e343e4ec97f84464ae229db22401a13) Importer(815301076,1909f56bfc062723c751e8b465ee728b)
Start importing Assets/Rendering/2D_Asset_Renderer.asset using Guid(2e343e4ec97f84464ae229db22401a13) Importer(815301076,1909f56bfc062723c751e8b465ee728b)  -> (artifact id: '99f93f5ec2b68e4c86ff06a205470937') in 0.041688 seconds 
========================================================================
Received Prepare
Switching render pipeline 00000000000000000000000000000000 -> 0646600e2947e4f8ba284266596deea0
Refreshing native plugins compatible for Editor in 249.75 ms, found 2 plugins.
Preloading 0 native plugins for Editor in 0.00 ms.
Unloading 202 Unused Serialized files (Serialized files now loaded: 0)
Unloading 124 unused Assets / (5.7 MB). Loaded Objects now: 7430.
Memory consumption went from 289.7 MB to 284.0 MB.
Total: 527.792708 ms (FindLiveObjects: 0.560583 ms CreateObjectMapping: 0.204083 ms MarkObjects: 524.972917 ms  DeleteObjects: 2.053000 ms)

AssetImportParameters requested are different than current active one (requested -> active):
  custom:video-decoder-ogg-theora: a1e56fd34408186e4bbccfd4996cb3dc -> 
  custom:container-muxer-webm: aa71ff27fc2769a1b78a27578f13a17b -> 
  custom:container-demuxer-webm: 4f35f7cbe854078d1ac9338744f61a02 -> 
  custom:video-encoder-webm-vp8: eb34c28f22e8b96e1ab97ce403110664 -> 
  custom:framework-osx-AVFoundation: e770b220cccbd017edd2c1fefb359320 -> 
  custom:audio-encoder-webm-vorbis: bf7c407c2cedff20999df2af8eb42d56 -> 
  custom:container-demuxer-ogg: 62fdf1f143b41e24485cea50d1cbac27 -> 
  custom:video-decoder-webm-vp8: 9c59270c3fd7afecdb556c50c9e8de78 -> 
  custom:audio-decoder-ogg-vorbis: bf7c407c2cedff20999df2af8eb42d56 -> 
========================================================================
Received Import Request.
  Time since last request: 76.940581 seconds.
  path: Assets/Rendering/2D_Asset_Renderer.asset
  artifactKey: Guid(2e343e4ec97f84464ae229db22401a13) Importer(815301076,1909f56bfc062723c751e8b465ee728b)
Start importing Assets/Rendering/2D_Asset_Renderer.asset using Guid(2e343e4ec97f84464ae229db22401a13) Importer(815301076,1909f56bfc062723c751e8b465ee728b)  -> (artifact id: 'cdce926d5d068f795e8677fd8231c8dd') in 0.007334 seconds 
